This is pdfTeX, Version 3.14159265-2.6-1.40.17 (TeX Live 2016/W32TeX) (preloaded format=pdflatex 2017.6.3)  18 JAN 2020 19:28
entering extended mode
 restricted \write18 enabled.
 %&-line parsing enabled.
**./main.tex
(./main.tex
LaTeX2e <2017/01/01> patch level 3
Babel <3.9r> and hyphenation patterns for 83 language(s) loaded.
(d:/latex/texmf-dist/tex/latex/base/article.cls
Document Class: article 2014/09/29 v1.4h Standard LaTeX document class
(d:/latex/texmf-dist/tex/latex/base/size12.clo
File: size12.clo 2014/09/29 v1.4h Standard LaTeX file (size option)
)
\c@part=\count79
\c@section=\count80
\c@subsection=\count81
\c@subsubsection=\count82
\c@paragraph=\count83
\c@subparagraph=\count84
\c@figure=\count85
\c@table=\count86
\abovecaptionskip=\skip41
\belowcaptionskip=\skip42
\bibindent=\dimen102
)
(d:/latex/texmf-dist/tex/latex/base/inputenc.sty
Package: inputenc 2015/03/17 v1.2c Input encoding file
\inpenc@prehook=\toks14
\inpenc@posthook=\toks15

(d:/latex/texmf-dist/tex/latex/base/utf8.def
File: utf8.def 2017/01/28 v1.1t UTF-8 support for inputenc
Now handling font encoding OML ...
... no UTF-8 mapping file for font encoding OML
Now handling font encoding T1 ...
... processing UTF-8 mapping file for font encoding T1

(d:/latex/texmf-dist/tex/latex/base/t1enc.dfu
File: t1enc.dfu 2017/01/28 v1.1t UTF-8 support for inputenc
   defining Unicode char U+00A0 (decimal 160)
   defining Unicode char U+00A1 (decimal 161)
   defining Unicode char U+00A3 (decimal 163)
   defining Unicode char U+00AB (decimal 171)
   defining Unicode char U+00AD (decimal 173)
   defining Unicode char U+00BB (decimal 187)
   defining Unicode char U+00BF (decimal 191)
   defining Unicode char U+00C0 (decimal 192)
   defining Unicode char U+00C1 (decimal 193)
   defining Unicode char U+00C2 (decimal 194)
   defining Unicode char U+00C3 (decimal 195)
   defining Unicode char U+00C4 (decimal 196)
   defining Unicode char U+00C5 (decimal 197)
   defining Unicode char U+00C6 (decimal 198)
   defining Unicode char U+00C7 (decimal 199)
   defining Unicode char U+00C8 (decimal 200)
   defining Unicode char U+00C9 (decimal 201)
   defining Unicode char U+00CA (decimal 202)
   defining Unicode char U+00CB (decimal 203)
   defining Unicode char U+00CC (decimal 204)
   defining Unicode char U+00CD (decimal 205)
   defining Unicode char U+00CE (decimal 206)
   defining Unicode char U+00CF (decimal 207)
   defining Unicode char U+00D0 (decimal 208)
   defining Unicode char U+00D1 (decimal 209)
   defining Unicode char U+00D2 (decimal 210)
   defining Unicode char U+00D3 (decimal 211)
   defining Unicode char U+00D4 (decimal 212)
   defining Unicode char U+00D5 (decimal 213)
   defining Unicode char U+00D6 (decimal 214)
   defining Unicode char U+00D8 (decimal 216)
   defining Unicode char U+00D9 (decimal 217)
   defining Unicode char U+00DA (decimal 218)
   defining Unicode char U+00DB (decimal 219)
   defining Unicode char U+00DC (decimal 220)
   defining Unicode char U+00DD (decimal 221)
   defining Unicode char U+00DE (decimal 222)
   defining Unicode char U+00DF (decimal 223)
   defining Unicode char U+00E0 (decimal 224)
   defining Unicode char U+00E1 (decimal 225)
   defining Unicode char U+00E2 (decimal 226)
   defining Unicode char U+00E3 (decimal 227)
   defining Unicode char U+00E4 (decimal 228)
   defining Unicode char U+00E5 (decimal 229)
   defining Unicode char U+00E6 (decimal 230)
   defining Unicode char U+00E7 (decimal 231)
   defining Unicode char U+00E8 (decimal 232)
   defining Unicode char U+00E9 (decimal 233)
   defining Unicode char U+00EA (decimal 234)
   defining Unicode char U+00EB (decimal 235)
   defining Unicode char U+00EC (decimal 236)
   defining Unicode char U+00ED (decimal 237)
   defining Unicode char U+00EE (decimal 238)
   defining Unicode char U+00EF (decimal 239)
   defining Unicode char U+00F0 (decimal 240)
   defining Unicode char U+00F1 (decimal 241)
   defining Unicode char U+00F2 (decimal 242)
   defining Unicode char U+00F3 (decimal 243)
   defining Unicode char U+00F4 (decimal 244)
   defining Unicode char U+00F5 (decimal 245)
   defining Unicode char U+00F6 (decimal 246)
   defining Unicode char U+00F8 (decimal 248)
   defining Unicode char U+00F9 (decimal 249)
   defining Unicode char U+00FA (decimal 250)
   defining Unicode char U+00FB (decimal 251)
   defining Unicode char U+00FC (decimal 252)
   defining Unicode char U+00FD (decimal 253)
   defining Unicode char U+00FE (decimal 254)
   defining Unicode char U+00FF (decimal 255)
   defining Unicode char U+0100 (decimal 256)
   defining Unicode char U+0101 (decimal 257)
   defining Unicode char U+0102 (decimal 258)
   defining Unicode char U+0103 (decimal 259)
   defining Unicode char U+0104 (decimal 260)
   defining Unicode char U+0105 (decimal 261)
   defining Unicode char U+0106 (decimal 262)
   defining Unicode char U+0107 (decimal 263)
   defining Unicode char U+0108 (decimal 264)
   defining Unicode char U+0109 (decimal 265)
   defining Unicode char U+010A (decimal 266)
   defining Unicode char U+010B (decimal 267)
   defining Unicode char U+010C (decimal 268)
   defining Unicode char U+010D (decimal 269)
   defining Unicode char U+010E (decimal 270)
   defining Unicode char U+010F (decimal 271)
   defining Unicode char U+0110 (decimal 272)
   defining Unicode char U+0111 (decimal 273)
   defining Unicode char U+0112 (decimal 274)
   defining Unicode char U+0113 (decimal 275)
   defining Unicode char U+0114 (decimal 276)
   defining Unicode char U+0115 (decimal 277)
   defining Unicode char U+0116 (decimal 278)
   defining Unicode char U+0117 (decimal 279)
   defining Unicode char U+0118 (decimal 280)
   defining Unicode char U+0119 (decimal 281)
   defining Unicode char U+011A (decimal 282)
   defining Unicode char U+011B (decimal 283)
   defining Unicode char U+011C (decimal 284)
   defining Unicode char U+011D (decimal 285)
   defining Unicode char U+011E (decimal 286)
   defining Unicode char U+011F (decimal 287)
   defining Unicode char U+0120 (decimal 288)
   defining Unicode char U+0121 (decimal 289)
   defining Unicode char U+0122 (decimal 290)
   defining Unicode char U+0123 (decimal 291)
   defining Unicode char U+0124 (decimal 292)
   defining Unicode char U+0125 (decimal 293)
   defining Unicode char U+0128 (decimal 296)
   defining Unicode char U+0129 (decimal 297)
   defining Unicode char U+012A (decimal 298)
   defining Unicode char U+012B (decimal 299)
   defining Unicode char U+012C (decimal 300)
   defining Unicode char U+012D (decimal 301)
   defining Unicode char U+012E (decimal 302)
   defining Unicode char U+012F (decimal 303)
   defining Unicode char U+0130 (decimal 304)
   defining Unicode char U+0131 (decimal 305)
   defining Unicode char U+0132 (decimal 306)
   defining Unicode char U+0133 (decimal 307)
   defining Unicode char U+0134 (decimal 308)
   defining Unicode char U+0135 (decimal 309)
   defining Unicode char U+0136 (decimal 310)
   defining Unicode char U+0137 (decimal 311)
   defining Unicode char U+0139 (decimal 313)
   defining Unicode char U+013A (decimal 314)
   defining Unicode char U+013B (decimal 315)
   defining Unicode char U+013C (decimal 316)
   defining Unicode char U+013D (decimal 317)
   defining Unicode char U+013E (decimal 318)
   defining Unicode char U+0141 (decimal 321)
   defining Unicode char U+0142 (decimal 322)
   defining Unicode char U+0143 (decimal 323)
   defining Unicode char U+0144 (decimal 324)
   defining Unicode char U+0145 (decimal 325)
   defining Unicode char U+0146 (decimal 326)
   defining Unicode char U+0147 (decimal 327)
   defining Unicode char U+0148 (decimal 328)
   defining Unicode char U+014A (decimal 330)
   defining Unicode char U+014B (decimal 331)
   defining Unicode char U+014C (decimal 332)
   defining Unicode char U+014D (decimal 333)
   defining Unicode char U+014E (decimal 334)
   defining Unicode char U+014F (decimal 335)
   defining Unicode char U+0150 (decimal 336)
   defining Unicode char U+0151 (decimal 337)
   defining Unicode char U+0152 (decimal 338)
   defining Unicode char U+0153 (decimal 339)
   defining Unicode char U+0154 (decimal 340)
   defining Unicode char U+0155 (decimal 341)
   defining Unicode char U+0156 (decimal 342)
   defining Unicode char U+0157 (decimal 343)
   defining Unicode char U+0158 (decimal 344)
   defining Unicode char U+0159 (decimal 345)
   defining Unicode char U+015A (decimal 346)
   defining Unicode char U+015B (decimal 347)
   defining Unicode char U+015C (decimal 348)
   defining Unicode char U+015D (decimal 349)
   defining Unicode char U+015E (decimal 350)
   defining Unicode char U+015F (decimal 351)
   defining Unicode char U+0160 (decimal 352)
   defining Unicode char U+0161 (decimal 353)
   defining Unicode char U+0162 (decimal 354)
   defining Unicode char U+0163 (decimal 355)
   defining Unicode char U+0164 (decimal 356)
   defining Unicode char U+0165 (decimal 357)
   defining Unicode char U+0168 (decimal 360)
   defining Unicode char U+0169 (decimal 361)
   defining Unicode char U+016A (decimal 362)
   defining Unicode char U+016B (decimal 363)
   defining Unicode char U+016C (decimal 364)
   defining Unicode char U+016D (decimal 365)
   defining Unicode char U+016E (decimal 366)
   defining Unicode char U+016F (decimal 367)
   defining Unicode char U+0170 (decimal 368)
   defining Unicode char U+0171 (decimal 369)
   defining Unicode char U+0172 (decimal 370)
   defining Unicode char U+0173 (decimal 371)
   defining Unicode char U+0174 (decimal 372)
   defining Unicode char U+0175 (decimal 373)
   defining Unicode char U+0176 (decimal 374)
   defining Unicode char U+0177 (decimal 375)
   defining Unicode char U+0178 (decimal 376)
   defining Unicode char U+0179 (decimal 377)
   defining Unicode char U+017A (decimal 378)
   defining Unicode char U+017B (decimal 379)
   defining Unicode char U+017C (decimal 380)
   defining Unicode char U+017D (decimal 381)
   defining Unicode char U+017E (decimal 382)
   defining Unicode char U+01CD (decimal 461)
   defining Unicode char U+01CE (decimal 462)
   defining Unicode char U+01CF (decimal 463)
   defining Unicode char U+01D0 (decimal 464)
   defining Unicode char U+01D1 (decimal 465)
   defining Unicode char U+01D2 (decimal 466)
   defining Unicode char U+01D3 (decimal 467)
   defining Unicode char U+01D4 (decimal 468)
   defining Unicode char U+01E2 (decimal 482)
   defining Unicode char U+01E3 (decimal 483)
   defining Unicode char U+01E6 (decimal 486)
   defining Unicode char U+01E7 (decimal 487)
   defining Unicode char U+01E8 (decimal 488)
   defining Unicode char U+01E9 (decimal 489)
   defining Unicode char U+01EA (decimal 490)
   defining Unicode char U+01EB (decimal 491)
   defining Unicode char U+01F0 (decimal 496)
   defining Unicode char U+01F4 (decimal 500)
   defining Unicode char U+01F5 (decimal 501)
   defining Unicode char U+0218 (decimal 536)
   defining Unicode char U+0219 (decimal 537)
   defining Unicode char U+021A (decimal 538)
   defining Unicode char U+021B (decimal 539)
   defining Unicode char U+0232 (decimal 562)
   defining Unicode char U+0233 (decimal 563)
   defining Unicode char U+1E02 (decimal 7682)
   defining Unicode char U+1E03 (decimal 7683)
   defining Unicode char U+200C (decimal 8204)
   defining Unicode char U+2010 (decimal 8208)
   defining Unicode char U+2011 (decimal 8209)
   defining Unicode char U+2012 (decimal 8210)
   defining Unicode char U+2013 (decimal 8211)
   defining Unicode char U+2014 (decimal 8212)
   defining Unicode char U+2015 (decimal 8213)
   defining Unicode char U+2018 (decimal 8216)
   defining Unicode char U+2019 (decimal 8217)
   defining Unicode char U+201A (decimal 8218)
   defining Unicode char U+201C (decimal 8220)
   defining Unicode char U+201D (decimal 8221)
   defining Unicode char U+201E (decimal 8222)
   defining Unicode char U+2030 (decimal 8240)
   defining Unicode char U+2031 (decimal 8241)
   defining Unicode char U+2039 (decimal 8249)
   defining Unicode char U+203A (decimal 8250)
   defining Unicode char U+2423 (decimal 9251)
   defining Unicode char U+1E20 (decimal 7712)
   defining Unicode char U+1E21 (decimal 7713)
)
Now handling font encoding OT1 ...
... processing UTF-8 mapping file for font encoding OT1

(d:/latex/texmf-dist/tex/latex/base/ot1enc.dfu
File: ot1enc.dfu 2017/01/28 v1.1t UTF-8 support for inputenc
   defining Unicode char U+00A0 (decimal 160)
   defining Unicode char U+00A1 (decimal 161)
   defining Unicode char U+00A3 (decimal 163)
   defining Unicode char U+00AD (decimal 173)
   defining Unicode char U+00B8 (decimal 184)
   defining Unicode char U+00BF (decimal 191)
   defining Unicode char U+00C5 (decimal 197)
   defining Unicode char U+00C6 (decimal 198)
   defining Unicode char U+00D8 (decimal 216)
   defining Unicode char U+00DF (decimal 223)
   defining Unicode char U+00E6 (decimal 230)
   defining Unicode char U+00EC (decimal 236)
   defining Unicode char U+00ED (decimal 237)
   defining Unicode char U+00EE (decimal 238)
   defining Unicode char U+00EF (decimal 239)
   defining Unicode char U+00F8 (decimal 248)
   defining Unicode char U+0131 (decimal 305)
   defining Unicode char U+0141 (decimal 321)
   defining Unicode char U+0142 (decimal 322)
   defining Unicode char U+0152 (decimal 338)
   defining Unicode char U+0153 (decimal 339)
   defining Unicode char U+0174 (decimal 372)
   defining Unicode char U+0175 (decimal 373)
   defining Unicode char U+0176 (decimal 374)
   defining Unicode char U+0177 (decimal 375)
   defining Unicode char U+0218 (decimal 536)
   defining Unicode char U+0219 (decimal 537)
   defining Unicode char U+021A (decimal 538)
   defining Unicode char U+021B (decimal 539)
   defining Unicode char U+2013 (decimal 8211)
   defining Unicode char U+2014 (decimal 8212)
   defining Unicode char U+2018 (decimal 8216)
   defining Unicode char U+2019 (decimal 8217)
   defining Unicode char U+201C (decimal 8220)
   defining Unicode char U+201D (decimal 8221)
)
Now handling font encoding OMS ...
... processing UTF-8 mapping file for font encoding OMS

(d:/latex/texmf-dist/tex/latex/base/omsenc.dfu
File: omsenc.dfu 2017/01/28 v1.1t UTF-8 support for inputenc
   defining Unicode char U+00A7 (decimal 167)
   defining Unicode char U+00B6 (decimal 182)
   defining Unicode char U+00B7 (decimal 183)
   defining Unicode char U+2020 (decimal 8224)
   defining Unicode char U+2021 (decimal 8225)
   defining Unicode char U+2022 (decimal 8226)
)
Now handling font encoding OMX ...
... no UTF-8 mapping file for font encoding OMX
Now handling font encoding U ...
... no UTF-8 mapping file for font encoding U
   defining Unicode char U+00A9 (decimal 169)
   defining Unicode char U+00AA (decimal 170)
   defining Unicode char U+00AE (decimal 174)
   defining Unicode char U+00BA (decimal 186)
   defining Unicode char U+02C6 (decimal 710)
   defining Unicode char U+02DC (decimal 732)
   defining Unicode char U+200C (decimal 8204)
   defining Unicode char U+2026 (decimal 8230)
   defining Unicode char U+2122 (decimal 8482)
   defining Unicode char U+2423 (decimal 9251)
))
(d:/latex/texmf-dist/tex/latex/cjk/texinput/CJKutf8.sty
Package: CJKutf8 2015/04/18 4.8.4

(d:/latex/texmf-dist/tex/generic/oberdiek/ifpdf.sty
Package: ifpdf 2017/03/15 v3.2 Provides the ifpdf switch
)
(d:/latex/texmf-dist/tex/latex/cjk/texinput/CJK.sty
Package: CJK 2015/04/18 4.8.4

(d:/latex/texmf-dist/tex/latex/cjk/texinput/mule/MULEenc.sty
Package: MULEenc 2015/04/18 4.8.4
)
(d:/latex/texmf-dist/tex/latex/cjk/texinput/CJK.enc
File: CJK.enc 2015/04/18 4.8.4
Now handling font encoding C00 ...
... no UTF-8 mapping file for font encoding C00
Now handling font encoding C05 ...
... no UTF-8 mapping file for font encoding C05
Now handling font encoding C09 ...
... no UTF-8 mapping file for font encoding C09
Now handling font encoding C10 ...
... no UTF-8 mapping file for font encoding C10
Now handling font encoding C20 ...
... no UTF-8 mapping file for font encoding C20
Now handling font encoding C19 ...
... no UTF-8 mapping file for font encoding C19
Now handling font encoding C40 ...
... no UTF-8 mapping file for font encoding C40
Now handling font encoding C42 ...
... no UTF-8 mapping file for font encoding C42
Now handling font encoding C43 ...
... no UTF-8 mapping file for font encoding C43
Now handling font encoding C50 ...
... no UTF-8 mapping file for font encoding C50
Now handling font encoding C52 ...
... no UTF-8 mapping file for font encoding C52
Now handling font encoding C49 ...
... no UTF-8 mapping file for font encoding C49
Now handling font encoding C60 ...
... no UTF-8 mapping file for font encoding C60
Now handling font encoding C61 ...
... no UTF-8 mapping file for font encoding C61
Now handling font encoding C63 ...
... no UTF-8 mapping file for font encoding C63
Now handling font encoding C64 ...
... no UTF-8 mapping file for font encoding C64
Now handling font encoding C65 ...
... no UTF-8 mapping file for font encoding C65
Now handling font encoding C70 ...
... no UTF-8 mapping file for font encoding C70
Now handling font encoding C31 ...
... no UTF-8 mapping file for font encoding C31
Now handling font encoding C32 ...
... no UTF-8 mapping file for font encoding C32
Now handling font encoding C33 ...
... no UTF-8 mapping file for font encoding C33
Now handling font encoding C34 ...
... no UTF-8 mapping file for font encoding C34
Now handling font encoding C35 ...
... no UTF-8 mapping file for font encoding C35
Now handling font encoding C36 ...
... no UTF-8 mapping file for font encoding C36
Now handling font encoding C37 ...
... no UTF-8 mapping file for font encoding C37
Now handling font encoding C80 ...
... no UTF-8 mapping file for font encoding C80
Now handling font encoding C81 ...
... no UTF-8 mapping file for font encoding C81
Now handling font encoding C01 ...
... no UTF-8 mapping file for font encoding C01
Now handling font encoding C11 ...
... no UTF-8 mapping file for font encoding C11
Now handling font encoding C21 ...
... no UTF-8 mapping file for font encoding C21
Now handling font encoding C41 ...
... no UTF-8 mapping file for font encoding C41
Now handling font encoding C62 ...
... no UTF-8 mapping file for font encoding C62
)
LaTeX Info: Redefining \selectfont on input line 755.
\CJK@indent=\box26
)
(d:/latex/texmf-dist/tex/latex/base/fontenc.sty
Package: fontenc 2017/02/22 v2.0g Standard LaTeX package
))
(d:/latex/texmf-dist/tex/latex/algorithms/algorithm.sty
Package: algorithm 2009/08/24 v0.1 Document Style `algorithm' - floating enviro
nment

(d:/latex/texmf-dist/tex/latex/float/float.sty
Package: float 2001/11/08 v1.3d Float enhancements (AL)
\c@float@type=\count87
\float@exts=\toks16
\float@box=\box27
\@float@everytoks=\toks17
\@floatcapt=\box28
)
(d:/latex/texmf-dist/tex/latex/base/ifthen.sty
Package: ifthen 2014/09/29 v1.1c Standard LaTeX ifthen package (DPC)
)
\@float@every@algorithm=\toks18
\c@algorithm=\count88
)
(d:/latex/texmf-dist/tex/latex/algorithmicx/algorithmicx.sty
Package: algorithmicx 2005/04/27 v1.2 Algorithmicx

Document Style algorithmicx 1.2 - a greatly improved `algorithmic' style
\c@ALG@line=\count89
\c@ALG@rem=\count90
\c@ALG@nested=\count91
\ALG@tlm=\skip43
\ALG@thistlm=\skip44
\c@ALG@Lnr=\count92
\c@ALG@blocknr=\count93
\c@ALG@storecount=\count94
\c@ALG@tmpcounter=\count95
\ALG@tmplength=\skip45
) (d:/latex/texmf-dist/tex/latex/amsmath/amsmath.sty
Package: amsmath 2016/11/05 v2.16a AMS math features
\@mathmargin=\skip46

For additional information on amsmath, use the `?' option.
(d:/latex/texmf-dist/tex/latex/amsmath/amstext.sty
Package: amstext 2000/06/29 v2.01 AMS text

(d:/latex/texmf-dist/tex/latex/amsmath/amsgen.sty
File: amsgen.sty 1999/11/30 v2.0 generic functions
\@emptytoks=\toks19
\ex@=\dimen103
))
(d:/latex/texmf-dist/tex/latex/amsmath/amsbsy.sty
Package: amsbsy 1999/11/29 v1.2d Bold Symbols
\pmbraise@=\dimen104
)
(d:/latex/texmf-dist/tex/latex/amsmath/amsopn.sty
Package: amsopn 2016/03/08 v2.02 operator names
)
\inf@bad=\count96
LaTeX Info: Redefining \frac on input line 213.
\uproot@=\count97
\leftroot@=\count98
LaTeX Info: Redefining \overline on input line 375.
\classnum@=\count99
\DOTSCASE@=\count100
LaTeX Info: Redefining \ldots on input line 472.
LaTeX Info: Redefining \dots on input line 475.
LaTeX Info: Redefining \cdots on input line 596.
\Mathstrutbox@=\box29
\strutbox@=\box30
\big@size=\dimen105
LaTeX Font Info:    Redeclaring font encoding OML on input line 712.
LaTeX Font Info:    Redeclaring font encoding OMS on input line 713.
\macc@depth=\count101
\c@MaxMatrixCols=\count102
\dotsspace@=\muskip10
\c@parentequation=\count103
\dspbrk@lvl=\count104
\tag@help=\toks20
\row@=\count105
\column@=\count106
\maxfields@=\count107
\andhelp@=\toks21
\eqnshift@=\dimen106
\alignsep@=\dimen107
\tagshift@=\dimen108
\tagwidth@=\dimen109
\totwidth@=\dimen110
\lineht@=\dimen111
\@envbody=\toks22
\multlinegap=\skip47
\multlinetaggap=\skip48
\mathdisplay@stack=\toks23
LaTeX Info: Redefining \[ on input line 2817.
LaTeX Info: Redefining \] on input line 2818.
)
(d:/latex/texmf-dist/tex/latex/algorithmicx/algpseudocode.sty
Package: algpseudocode 

Document Style - pseudocode environments for use with the `algorithmicx' style
) (d:/latex/texmf-dist/tex/latex/amsfonts/amssymb.sty
Package: amssymb 2013/01/14 v3.01 AMS font symbols

(d:/latex/texmf-dist/tex/latex/amsfonts/amsfonts.sty
Package: amsfonts 2013/01/14 v3.01 Basic AMSFonts support
\symAMSa=\mathgroup4
\symAMSb=\mathgroup5
LaTeX Font Info:    Overwriting math alphabet `\mathfrak' in version `bold'
(Font)                  U/euf/m/n --> U/euf/b/n on input line 106.
))
(d:/latex/texmf-dist/tex/latex/pdfpages/pdfpages.sty
Package: pdfpages 2017/01/14 v0.5h Insert pages of external PDF documents (AM)

(d:/latex/texmf-dist/tex/latex/tools/calc.sty
Package: calc 2014/10/28 v4.3 Infix arithmetic (KKT,FJ)
\calc@Acount=\count108
\calc@Bcount=\count109
\calc@Adimen=\dimen112
\calc@Bdimen=\dimen113
\calc@Askip=\skip49
\calc@Bskip=\skip50
LaTeX Info: Redefining \setlength on input line 80.
LaTeX Info: Redefining \addtolength on input line 81.
\calc@Ccount=\count110
\calc@Cskip=\skip51
)
(d:/latex/texmf-dist/tex/latex/eso-pic/eso-pic.sty
Package: eso-pic 2015/07/21 v2.0g eso-pic (RN)

(d:/latex/texmf-dist/tex/generic/oberdiek/atbegshi.sty
Package: atbegshi 2016/06/09 v1.18 At begin shipout hook (HO)

(d:/latex/texmf-dist/tex/generic/oberdiek/infwarerr.sty
Package: infwarerr 2016/05/16 v1.4 Providing info/warning/error messages (HO)
)
(d:/latex/texmf-dist/tex/generic/oberdiek/ltxcmds.sty
Package: ltxcmds 2016/05/16 v1.23 LaTeX kernel commands for general use (HO)
))
(d:/latex/texmf-dist/tex/latex/graphics/keyval.sty
Package: keyval 2014/10/28 v1.15 key=value parser (DPC)
\KV@toks@=\toks24
)
(d:/latex/texmf-dist/tex/latex/xcolor/xcolor.sty
Package: xcolor 2016/05/11 v2.12 LaTeX color extensions (UK)

(d:/latex/texmf-dist/tex/latex/graphics-cfg/color.cfg
File: color.cfg 2016/01/02 v1.6 sample color configuration
)
Package xcolor Info: Driver file: pdftex.def on input line 225.

(d:/latex/texmf-dist/tex/latex/graphics-def/pdftex.def
File: pdftex.def 2017/01/12 v0.06k Graphics/color for pdfTeX
\Gread@gobject=\count111
)
Package xcolor Info: Model `cmy' substituted by `cmy0' on input line 1348.
Package xcolor Info: Model `hsb' substituted by `rgb' on input line 1352.
Package xcolor Info: Model `RGB' extended on input line 1364.
Package xcolor Info: Model `HTML' substituted by `rgb' on input line 1366.
Package xcolor Info: Model `Hsb' substituted by `hsb' on input line 1367.
Package xcolor Info: Model `tHsb' substituted by `hsb' on input line 1368.
Package xcolor Info: Model `HSB' substituted by `hsb' on input line 1369.
Package xcolor Info: Model `Gray' substituted by `gray' on input line 1370.
Package xcolor Info: Model `wave' substituted by `hsb' on input line 1371.
))
(d:/latex/texmf-dist/tex/latex/graphics/graphicx.sty
Package: graphicx 2014/10/28 v1.0g Enhanced LaTeX Graphics (DPC,SPQR)

(d:/latex/texmf-dist/tex/latex/graphics/graphics.sty
Package: graphics 2016/10/09 v1.0u Standard LaTeX Graphics (DPC,SPQR)

(d:/latex/texmf-dist/tex/latex/graphics/trig.sty
Package: trig 2016/01/03 v1.10 sin cos tan (DPC)
)
(d:/latex/texmf-dist/tex/latex/graphics-cfg/graphics.cfg
File: graphics.cfg 2016/06/04 v1.11 sample graphics configuration
)
Package graphics Info: Driver file: pdftex.def on input line 99.
)
\Gin@req@height=\dimen114
\Gin@req@width=\dimen115
)
\AM@pagewidth=\dimen116
\AM@pageheight=\dimen117

(d:/latex/texmf-dist/tex/latex/pdfpages/pppdftex.def
File: pppdftex.def 2017/01/14 v0.5h Pdfpages driver for pdfTeX (AM)
)
\AM@pagebox=\box31
\AM@global@opts=\toks25
\AM@toc@title=\toks26
\c@AM@survey=\count112
\AM@templatesizebox=\box32
)
(d:/latex/texmf-dist/tex/latex/geometry/geometry.sty
Package: geometry 2010/09/12 v5.6 Page Geometry

(d:/latex/texmf-dist/tex/generic/oberdiek/ifvtex.sty
Package: ifvtex 2016/05/16 v1.6 Detect VTeX and its facilities (HO)
Package ifvtex Info: VTeX not detected.
)
(d:/latex/texmf-dist/tex/generic/ifxetex/ifxetex.sty
Package: ifxetex 2010/09/12 v0.6 Provides ifxetex conditional
)
\Gm@cnth=\count113
\Gm@cntv=\count114
\c@Gm@tempcnt=\count115
\Gm@bindingoffset=\dimen118
\Gm@wd@mp=\dimen119
\Gm@odd@mp=\dimen120
\Gm@even@mp=\dimen121
\Gm@layoutwidth=\dimen122
\Gm@layoutheight=\dimen123
\Gm@layouthoffset=\dimen124
\Gm@layoutvoffset=\dimen125
\Gm@dimlist=\toks27
)
(d:/latex/texmf-dist/tex/latex/setspace/setspace.sty
Package: setspace 2011/12/19 v6.7a set line spacing
)
(d:/latex/texmf-dist/tex/latex/biblatex/biblatex.sty
Package: biblatex 2016/12/05 v3.7 programmable bibliographies (PK/JW/AB)

(d:/latex/texmf-dist/tex/generic/oberdiek/pdftexcmds.sty
Package: pdftexcmds 2017/03/19 v0.25 Utility functions of pdfTeX for LuaTeX (HO
)

(d:/latex/texmf-dist/tex/generic/oberdiek/ifluatex.sty
Package: ifluatex 2016/05/16 v1.4 Provides the ifluatex switch (HO)
Package ifluatex Info: LuaTeX not detected.
)
Package pdftexcmds Info: LuaTeX not detected.
Package pdftexcmds Info: \pdf@primitive is available.
Package pdftexcmds Info: \pdf@ifprimitive is available.
Package pdftexcmds Info: \pdfdraftmode found.
)
(d:/latex/texmf-dist/tex/latex/etoolbox/etoolbox.sty
Package: etoolbox 2017/01/02 v2.4 e-TeX tools for LaTeX (JAW)
\etb@tempcnta=\count116
)
(d:/latex/texmf-dist/tex/latex/oberdiek/kvoptions.sty
Package: kvoptions 2016/05/16 v3.12 Key value format for package options (HO)

(d:/latex/texmf-dist/tex/generic/oberdiek/kvsetkeys.sty
Package: kvsetkeys 2016/05/16 v1.17 Key value parser (HO)

(d:/latex/texmf-dist/tex/generic/oberdiek/etexcmds.sty
Package: etexcmds 2016/05/16 v1.6 Avoid name clashes with e-TeX commands (HO)
Package etexcmds Info: Could not find \expanded.
(etexcmds)             That can mean that you are not using pdfTeX 1.50 or
(etexcmds)             that some package has redefined \expanded.
(etexcmds)             In the latter case, load this package earlier.
)))
(d:/latex/texmf-dist/tex/latex/logreq/logreq.sty
Package: logreq 2010/08/04 v1.0 xml request logger
\lrq@indent=\count117

(d:/latex/texmf-dist/tex/latex/logreq/logreq.def
File: logreq.def 2010/08/04 v1.0 logreq spec v1.0
))
(d:/latex/texmf-dist/tex/latex/url/url.sty
\Urlmuskip=\muskip11
Package: url 2013/09/16  ver 3.4  Verb mode for urls, etc.
)
(d:/latex/texmf-dist/tex/generic/xstring/xstring.sty
(d:/latex/texmf-dist/tex/generic/xstring/xstring.tex
\@xs@message=\write3
\integerpart=\count118
\decimalpart=\count119
)
Package: xstring 2013/10/13  v1.7c  String manipulations (C Tellechea)
)
\c@tabx@nest=\count120
\c@listtotal=\count121
\c@listcount=\count122
\c@liststart=\count123
\c@liststop=\count124
\c@citecount=\count125
\c@citetotal=\count126
\c@multicitecount=\count127
\c@multicitetotal=\count128
\c@instcount=\count129
\c@maxnames=\count130
\c@minnames=\count131
\c@maxitems=\count132
\c@minitems=\count133
\c@citecounter=\count134
\c@savedcitecounter=\count135
\c@uniquelist=\count136
\c@uniquename=\count137
\c@refsection=\count138
\c@refsegment=\count139
\c@maxextratitle=\count140
\c@maxextratitleyear=\count141
\c@maxextrayear=\count142
\c@maxextraalpha=\count143
\c@abbrvpenalty=\count144
\c@highnamepenalty=\count145
\c@lownamepenalty=\count146
\c@maxparens=\count147
\c@parenlevel=\count148
\blx@tempcnta=\count149
\blx@tempcntb=\count150
\blx@tempcntc=\count151
\blx@maxsection=\count152
\blx@maxsegment@0=\count153
\blx@notetype=\count154
\blx@parenlevel@text=\count155
\blx@parenlevel@foot=\count156
\blx@sectionciteorder@0=\count157
\labelnumberwidth=\skip52
\labelalphawidth=\skip53
\biblabelsep=\skip54
\bibitemsep=\skip55
\bibnamesep=\skip56
\bibinitsep=\skip57
\bibparsep=\skip58
\bibhang=\skip59
\blx@bcfin=\read1
\blx@bcfout=\write4
\c@mincomprange=\count158
\c@maxcomprange=\count159
\c@mincompwidth=\count160
Package biblatex Info: Trying to load biblatex default data model...
Package biblatex Info: ... file 'blx-dm.def' found.

(d:/latex/texmf-dist/tex/latex/biblatex/blx-dm.def)
Package biblatex Info: Trying to load biblatex custom data model...
Package biblatex Info: ... file 'biblatex-dm.cfg' not found.
\c@afterword=\count161
\c@savedafterword=\count162
\c@annotator=\count163
\c@savedannotator=\count164
\c@author=\count165
\c@savedauthor=\count166
\c@bookauthor=\count167
\c@savedbookauthor=\count168
\c@commentator=\count169
\c@savedcommentator=\count170
\c@editor=\count171
\c@savededitor=\count172
\c@editora=\count173
\c@savededitora=\count174
\c@editorb=\count175
\c@savededitorb=\count176
\c@editorc=\count177
\c@savededitorc=\count178
\c@foreword=\count179
\c@savedforeword=\count180
\c@holder=\count181
\c@savedholder=\count182
\c@introduction=\count183
\c@savedintroduction=\count184
\c@namea=\count185
\c@savednamea=\count186
\c@nameb=\count187
\c@savednameb=\count188
\c@namec=\count189
\c@savednamec=\count190
\c@translator=\count191
\c@savedtranslator=\count192
\c@shortauthor=\count193
\c@savedshortauthor=\count194
\c@shorteditor=\count195
\c@savedshorteditor=\count196
\c@labelname=\count197
\c@savedlabelname=\count198
\c@institution=\count199
\c@savedinstitution=\count266
\c@lista=\count267
\c@savedlista=\count268
\c@listb=\count269
\c@savedlistb=\count270
\c@listc=\count271
\c@savedlistc=\count272
\c@listd=\count273
\c@savedlistd=\count274
\c@liste=\count275
\c@savedliste=\count276
\c@listf=\count277
\c@savedlistf=\count278
\c@location=\count279
\c@savedlocation=\count280
\c@organization=\count281
\c@savedorganization=\count282
\c@origlocation=\count283
\c@savedoriglocation=\count284
\c@origpublisher=\count285
\c@savedorigpublisher=\count286
\c@publisher=\count287
\c@savedpublisher=\count288
\c@language=\count289
\c@savedlanguage=\count290
\c@pageref=\count291
\c@savedpageref=\count292
\shorthandwidth=\skip60
\shortjournalwidth=\skip61
\shortserieswidth=\skip62
\shorttitlewidth=\skip63
\shortauthorwidth=\skip64
\shorteditorwidth=\skip65
Package biblatex Info: Trying to load compatibility code...
Package biblatex Info: ... file 'blx-compat.def' found.

(d:/latex/texmf-dist/tex/latex/biblatex/blx-compat.def
File: blx-compat.def 2016/12/05 v3.7 biblatex compatibility (PK/JW/AB)
)
Package biblatex Info: Trying to load generic definitions...
Package biblatex Info: ... file 'biblatex.def' found.

(d:/latex/texmf-dist/tex/latex/biblatex/biblatex.def
File: biblatex.def 2016/12/05 v3.7 biblatex compatibility (PK/JW/AB)
\c@textcitecount=\count293
\c@textcitetotal=\count294
\c@textcitemaxnames=\count295
\c@biburlnumpenalty=\count296
\c@biburlucpenalty=\count297
\c@biburllcpenalty=\count298
\c@smartand=\count299
)
Package biblatex Info: Trying to load bibliography style 'numeric'...
Package biblatex Info: ... file 'numeric.bbx' found.

(d:/latex/texmf-dist/tex/latex/biblatex/bbx/numeric.bbx
File: numeric.bbx 2016/12/05 v3.7 biblatex bibliography style (PK/JW/AB)
Package biblatex Info: Trying to load bibliography style 'standard'...
Package biblatex Info: ... file 'standard.bbx' found.

(d:/latex/texmf-dist/tex/latex/biblatex/bbx/standard.bbx
File: standard.bbx 2016/12/05 v3.7 biblatex bibliography style (PK/JW/AB)
\c@bbx:relatedcount=\count300
\c@bbx:relatedtotal=\count301
))
Package biblatex Info: Trying to load citation style 'numeric'...
Package biblatex Info: ... file 'numeric.cbx' found.

(d:/latex/texmf-dist/tex/latex/biblatex/cbx/numeric.cbx
File: numeric.cbx 2016/12/05 v3.7 biblatex citation style (PK/JW/AB)
Package biblatex Info: Redefining '\cite'.
Package biblatex Info: Redefining '\parencite'.
Package biblatex Info: Redefining '\footcite'.
Package biblatex Info: Redefining '\footcitetext'.
Package biblatex Info: Redefining '\smartcite'.
Package biblatex Info: Redefining '\supercite'.
Package biblatex Info: Redefining '\textcite'.
Package biblatex Info: Redefining '\textcites'.
Package biblatex Info: Redefining '\cites'.
Package biblatex Info: Redefining '\parencites'.
Package biblatex Info: Redefining '\smartcites'.
)
Package biblatex Info: Trying to load configuration file...
Package biblatex Info: ... file 'biblatex.cfg' found.

(d:/latex/texmf-dist/tex/latex/biblatex/biblatex.cfg
File: biblatex.cfg 
))
Package biblatex Info: Trying to load language 'english'...
Package biblatex Info: ... file 'english.lbx' found.

(d:/latex/texmf-dist/tex/latex/biblatex/lbx/english.lbx
File: english.lbx 2016/12/05 v3.7 biblatex localization (PK/JW/AB)
)
\@quotelevel=\count302
\@quotereset=\count303
 (./main.aux)
\openout1 = `main.aux'.

LaTeX Font Info:    Checking defaults for OML/cmm/m/it on input line 33.
LaTeX Font Info:    ... okay on input line 33.
LaTeX Font Info:    Checking defaults for T1/cmr/m/n on input line 33.
LaTeX Font Info:    ... okay on input line 33.
LaTeX Font Info:    Checking defaults for OT1/cmr/m/n on input line 33.
LaTeX Font Info:    ... okay on input line 33.
LaTeX Font Info:    Checking defaults for OMS/cmsy/m/n on input line 33.
LaTeX Font Info:    ... okay on input line 33.
LaTeX Font Info:    Checking defaults for OMX/cmex/m/n on input line 33.
LaTeX Font Info:    ... okay on input line 33.
LaTeX Font Info:    Checking defaults for U/cmr/m/n on input line 33.
LaTeX Font Info:    ... okay on input line 33.
LaTeX Font Info:    Checking defaults for C00/song/m/n on input line 33.
LaTeX Font Info:    ... okay on input line 33.
LaTeX Font Info:    Checking defaults for C05/song/m/n on input line 33.
LaTeX Font Info:    ... okay on input line 33.
LaTeX Font Info:    Checking defaults for C09/song/m/n on input line 33.
LaTeX Font Info:    ... okay on input line 33.
LaTeX Font Info:    Checking defaults for C10/song/m/n on input line 33.
LaTeX Font Info:    ... okay on input line 33.
LaTeX Font Info:    Checking defaults for C20/song/m/n on input line 33.
LaTeX Font Info:    ... okay on input line 33.
LaTeX Font Info:    Checking defaults for C19/song/m/n on input line 33.
LaTeX Font Info:    ... okay on input line 33.
LaTeX Font Info:    Checking defaults for C40/song/m/n on input line 33.
LaTeX Font Info:    ... okay on input line 33.
LaTeX Font Info:    Checking defaults for C42/song/m/n on input line 33.
LaTeX Font Info:    ... okay on input line 33.
LaTeX Font Info:    Checking defaults for C43/song/m/n on input line 33.
LaTeX Font Info:    ... okay on input line 33.
LaTeX Font Info:    Checking defaults for C50/song/m/n on input line 33.
LaTeX Font Info:    ... okay on input line 33.
LaTeX Font Info:    Checking defaults for C52/song/m/n on input line 33.
LaTeX Font Info:    ... okay on input line 33.
LaTeX Font Info:    Checking defaults for C49/song/m/n on input line 33.
LaTeX Font Info:    ... okay on input line 33.
LaTeX Font Info:    Checking defaults for C60/mj/m/n on input line 33.
LaTeX Font Info:    ... okay on input line 33.
LaTeX Font Info:    Checking defaults for C61/mj/m/n on input line 33.
LaTeX Font Info:    ... okay on input line 33.
LaTeX Font Info:    Checking defaults for C63/mj/m/n on input line 33.
LaTeX Font Info:    ... okay on input line 33.
LaTeX Font Info:    Checking defaults for C64/mj/m/n on input line 33.
LaTeX Font Info:    ... okay on input line 33.
LaTeX Font Info:    Checking defaults for C65/mj/m/n on input line 33.
LaTeX Font Info:    ... okay on input line 33.
LaTeX Font Info:    Checking defaults for C70/song/m/n on input line 33.
LaTeX Font Info:    ... okay on input line 33.
LaTeX Font Info:    Checking defaults for C31/song/m/n on input line 33.
LaTeX Font Info:    ... okay on input line 33.
LaTeX Font Info:    Checking defaults for C32/song/m/n on input line 33.
LaTeX Font Info:    ... okay on input line 33.
LaTeX Font Info:    Checking defaults for C33/song/m/n on input line 33.
LaTeX Font Info:    ... okay on input line 33.
LaTeX Font Info:    Checking defaults for C34/song/m/n on input line 33.
LaTeX Font Info:    ... okay on input line 33.
LaTeX Font Info:    Checking defaults for C35/song/m/n on input line 33.
LaTeX Font Info:    ... okay on input line 33.
LaTeX Font Info:    Checking defaults for C36/song/m/n on input line 33.
LaTeX Font Info:    ... okay on input line 33.
LaTeX Font Info:    Checking defaults for C37/song/m/n on input line 33.
LaTeX Font Info:    ... okay on input line 33.
LaTeX Font Info:    Checking defaults for C80/song/m/n on input line 33.
LaTeX Font Info:    ... okay on input line 33.
LaTeX Font Info:    Checking defaults for C81/song/m/n on input line 33.
LaTeX Font Info:    ... okay on input line 33.
LaTeX Font Info:    Checking defaults for C01/song/m/n on input line 33.
LaTeX Font Info:    ... okay on input line 33.
LaTeX Font Info:    Checking defaults for C11/song/m/n on input line 33.
LaTeX Font Info:    ... okay on input line 33.
LaTeX Font Info:    Checking defaults for C21/song/m/n on input line 33.
LaTeX Font Info:    ... okay on input line 33.
LaTeX Font Info:    Checking defaults for C41/song/m/n on input line 33.
LaTeX Font Info:    ... okay on input line 33.
LaTeX Font Info:    Checking defaults for C62/song/m/n on input line 33.
LaTeX Font Info:    ... okay on input line 33.
\AtBeginShipoutBox=\box33

(d:/latex/texmf-dist/tex/context/base/mkii/supp-pdf.mkii
[Loading MPS to PDF converter (version 2006.09.02).]
\scratchcounter=\count304
\scratchdimen=\dimen126
\scratchbox=\box34
\nofMPsegments=\count305
\nofMParguments=\count306
\everyMPshowfont=\toks28
\MPscratchCnt=\count307
\MPscratchDim=\dimen127
\MPnumerator=\count308
\makeMPintoPDFobject=\count309
\everyMPtoPDFconversion=\toks29
) (d:/latex/texmf-dist/tex/latex/oberdiek/epstopdf-base.sty
Package: epstopdf-base 2016/05/15 v2.6 Base part for package epstopdf

(d:/latex/texmf-dist/tex/latex/oberdiek/grfext.sty
Package: grfext 2016/05/16 v1.2 Manage graphics extensions (HO)

(d:/latex/texmf-dist/tex/generic/oberdiek/kvdefinekeys.sty
Package: kvdefinekeys 2016/05/16 v1.4 Define keys (HO)
))
Package epstopdf-base Info: Redefining graphics rule for `.eps' on input line 4
38.
Package grfext Info: Graphics extension search list:
(grfext)             [.png,.pdf,.jpg,.mps,.jpeg,.jbig2,.jb2,.PNG,.PDF,.JPG,.JPE
G,.JBIG2,.JB2,.eps]
(grfext)             \AppendGraphicsExtensions on input line 456.

(d:/latex/texmf-dist/tex/latex/latexconfig/epstopdf-sys.cfg
File: epstopdf-sys.cfg 2010/07/13 v1.3 Configuration of (r)epstopdf for TeX Liv
e
))
(d:/latex/texmf-dist/tex/latex/oberdiek/pdflscape.sty
Package: pdflscape 2016/05/14 v0.11 Display of landscape pages in PDF (HO)

(d:/latex/texmf-dist/tex/latex/graphics/lscape.sty
Package: lscape 2000/10/22 v3.01 Landscape Pages (DPC)
)
Package pdflscape Info: Auto-detected driver: pdftex on input line 81.
)
*geometry* driver: auto-detecting
*geometry* detected driver: pdftex
*geometry* verbose mode - [ preamble ] result:
* driver: pdftex
* paper: a4paper
* layout: <same size as paper>
* layoutoffset:(h,v)=(0.0pt,0.0pt)
* modes: 
* h-part:(L,W,R)=(74.68848pt, 448.1309pt, 74.68849pt)
* v-part:(T,H,B)=(84.50467pt, 633.78513pt, 126.75705pt)
* \paperwidth=597.50787pt
* \paperheight=845.04684pt
* \textwidth=448.1309pt
* \textheight=633.78513pt
* \oddsidemargin=2.41849pt
* \evensidemargin=2.41849pt
* \topmargin=-24.76532pt
* \headheight=12.0pt
* \headsep=25.0pt
* \topskip=12.0pt
* \footskip=30.0pt
* \marginparwidth=44.0pt
* \marginparsep=10.0pt
* \columnsep=10.0pt
* \skip\footins=10.8pt plus 4.0pt minus 2.0pt
* \hoffset=0.0pt
* \voffset=0.0pt
* \mag=1000
* \@twocolumnfalse
* \@twosidefalse
* \@mparswitchfalse
* \@reversemarginfalse
* (1in=72.27pt=25.4mm, 1cm=28.453pt)

Package biblatex Info: Input encoding 'utf8' detected.
Package biblatex Info: Automatic encoding selection.
(biblatex)             Assuming data encoding 'utf8'.
\openout4 = `main.bcf'.

Package biblatex Info: Trying to load bibliographic data...
Package biblatex Info: ... file 'main.bbl' found.
(./main.bbl)
Package biblatex Info: Reference section=0 on input line 33.
Package biblatex Info: Reference segment=0 on input line 33.
 (d:/latex/texmf-dist/tex/latex/cjk/texinput/utf8/UTF8.bdg
File: UTF8.bdg 2015/04/18 4.8.4
)
(d:/latex/texmf-dist/tex/latex/cjk/texinput/utf8/UTF8.enc
File: UTF8.enc 2015/04/18 4.8.4
)
(d:/latex/texmf-dist/tex/latex/cjk/texinput/utf8/UTF8.chr
File: UTF8.chr 2015/04/18 4.8.4
)

pdfTeX warning: pdflatex.exe (file ./image/firstCover/firstCover.pdf): PDF incl
usion: found PDF version <1.6>, but at most version <1.5> allowed
<image/firstCover/firstCover.pdf, id=1, 597.50829pt x 845.0471pt>
File: image/firstCover/firstCover.pdf Graphic file (type pdf)

<use image/firstCover/firstCover.pdf>
Package pdftex.def Info: image/firstCover/firstCover.pdf used on input line 39.

(pdftex.def)             Requested size: 597.50682pt x 845.04504pt.


pdfTeX warning: pdflatex.exe (file ./image/firstCover/firstCover.pdf): PDF incl
usion: found PDF version <1.6>, but at most version <1.5> allowed
File: image/firstCover/firstCover.pdf Graphic file (type pdf)
<use image/firstCover/firstCover.pdf>
Package pdftex.def Info: image/firstCover/firstCover.pdf used on input line 39.

(pdftex.def)             Requested size: 597.50682pt x 845.04504pt.


pdfTeX warning: pdflatex.exe (file ./image/firstCover/firstCover.pdf): PDF incl
usion: found PDF version <1.6>, but at most version <1.5> allowed


pdfTeX warning: pdflatex.exe (file ./image/firstCover/firstCover.pdf): PDF incl
usion: found PDF version <1.6>, but at most version <1.5> allowed
<image/firstCover/firstCover.pdf, id=4, page=1, 597.50829pt x 845.0471pt>
File: image/firstCover/firstCover.pdf Graphic file (type pdf)

<use image/firstCover/firstCover.pdf, page 1>
Package pdftex.def Info: image/firstCover/firstCover.pdf, page1 used on input l
ine 39.
(pdftex.def)             Requested size: 597.50682pt x 845.04504pt.
File: image/firstCover/firstCover.pdf Graphic file (type pdf)

<use image/firstCover/firstCover.pdf, page 1>
Package pdftex.def Info: image/firstCover/firstCover.pdf, page1 used on input l
ine 39.
(pdftex.def)             Requested size: 597.53416pt x 845.08372pt.
File: image/firstCover/firstCover.pdf Graphic file (type pdf)

<use image/firstCover/firstCover.pdf, page 1>
Package pdftex.def Info: image/firstCover/firstCover.pdf, page1 used on input l
ine 39.
(pdftex.def)             Requested size: 597.53416pt x 845.08372pt.
File: image/firstCover/firstCover.pdf Graphic file (type pdf)

<use image/firstCover/firstCover.pdf, page 1>
Package pdftex.def Info: image/firstCover/firstCover.pdf, page1 used on input l
ine 39.
(pdftex.def)             Requested size: 597.53416pt x 845.08372pt.
File: image/firstCover/firstCover.pdf Graphic file (type pdf)

<use image/firstCover/firstCover.pdf, page 1>
Package pdftex.def Info: image/firstCover/firstCover.pdf, page1 used on input l
ine 39.
(pdftex.def)             Requested size: 597.53416pt x 845.08372pt.
 [1

 <./image/firstCover/firstCover.pdf>]
LaTeX Font Info:    Try loading font information for C70+gbsn on input line 42.

 (d:/latex/texmf-dist/tex/latex/cjk/texinput/utf8/c70gbsn.fd
File: c70gbsn.fd 2015/04/18 4.8.4
)
(d:/latex/texmf-dist/tex/latex/cjk/texinput/utf8/c70gbsn.fdx
File: c70gbsn.fdx 2015/04/18 4.8.4
)
LaTeX Font Info:    Try loading font information for U+msa on input line 42.

(d:/latex/texmf-dist/tex/latex/amsfonts/umsa.fd
File: umsa.fd 2013/01/14 v3.01 AMS symbols A
)
LaTeX Font Info:    Try loading font information for U+msb on input line 42.

(d:/latex/texmf-dist/tex/latex/amsfonts/umsb.fd
File: umsb.fd 2013/01/14 v3.01 AMS symbols B
) [2

{d:/latex/texmf-var/fonts/map/pdftex/updmap/pdftex.map}] (./main.toc)
\tf@toc=\write5
\openout5 = `main.toc'.

 [3

] (./01_introduction.tex
LaTeX Font Info:    Try loading font information for OMS+cmr on input line 12.

(d:/latex/texmf-dist/tex/latex/base/omscmr.fd
File: omscmr.fd 2014/09/29 v2.5h Standard LaTeX font definitions
)
LaTeX Font Info:    Font shape `OMS/cmr/m/n' in size <12> not available
(Font)              Font shape `OMS/cmsy/m/n' tried instead on input line 12.
 [4

]) [5]
(./02_scivisWorkflow.tex
Package epstopdf Info: Source file: <image/scivisWorkflow/pipeline.eps>
(epstopdf)                    date: 2020-01-17 15:42:56
(epstopdf)                    size: 25110790 bytes
(epstopdf)             Output file: <image/scivisWorkflow/pipeline-eps-converte
d-to.pdf>
(epstopdf)                    date: 2020-01-17 23:45:49
(epstopdf)                    size: 3383715 bytes
(epstopdf)             Command: <repstopdf --outfile=image/scivisWorkflow/pipel
ine-eps-converted-to.pdf image/scivisWorkflow/pipeline.eps>
(epstopdf)             \includegraphics on input line 9.
Package epstopdf Info: Output file is already uptodate.

<image/scivisWorkflow/pipeline-eps-converted-to.pdf, id=624, 1955.305pt x 301.1
25pt>
File: image/scivisWorkflow/pipeline-eps-converted-to.pdf Graphic file (type pdf
)
 <use image/scivisWorkflow/pipeline-eps-converted-to.pdf>
Package pdftex.def Info: image/scivisWorkflow/pipeline-eps-converted-to.pdf use
d on input line 9.
(pdftex.def)             Requested size: 448.1309pt x 69.01376pt.
 [6

 <./image/scivisWorkflow/pipeline-eps-converted-to.pdf>] [7] [8] [9]) [10]
(./03_dataPrefetch.tex
<image/prefetch/prefetch_pipeline.png, id=665, 541.27219pt x 378.66469pt>
File: image/prefetch/prefetch_pipeline.png Graphic file (type png)

<use image/prefetch/prefetch_pipeline.png>
Package pdftex.def Info: image/prefetch/prefetch_pipeline.png used on input lin
e 25.
(pdftex.def)             Requested size: 358.50609pt x 250.80927pt.


LaTeX Warning: `h' float specifier changed to `ht'.


<image/prefetch/initial_prefetch_patternbased.png, id=667, 551.05875pt x 204.76
5pt>
File: image/prefetch/initial_prefetch_patternbased.png Graphic file (type png)
 <use image/prefetch/initial_prefetch_patternbased.png>
Package pdftex.def Info: image/prefetch/initial_prefetch_patternbased.png used 
on input line 46.
(pdftex.def)             Requested size: 448.1309pt x 166.52423pt.

<image/prefetch/block_partition.png, id=668, 485.56406pt x 418.56375pt>
File: image/prefetch/block_partition.png Graphic file (type png)

<use image/prefetch/block_partition.png>
Package pdftex.def Info: image/prefetch/block_partition.png used on input line 
59.
(pdftex.def)             Requested size: 246.47336pt x 212.46196pt.
 [11

] [12 <./image/prefetch/prefetch_pipeline.png> <./image/prefetch/initial_prefet
ch_patternbased.png>]
Package epstopdf Info: Source file: <image/prefetch/adg-1st.eps>
(epstopdf)                    date: 2020-01-17 15:42:50
(epstopdf)                    size: 1244622 bytes
(epstopdf)             Output file: <image/prefetch/adg-1st-eps-converted-to.pd
f>
(epstopdf)                    date: 2020-01-17 23:45:52
(epstopdf)                    size: 16487 bytes
(epstopdf)             Command: <repstopdf --outfile=image/prefetch/adg-1st-eps
-converted-to.pdf image/prefetch/adg-1st.eps>
(epstopdf)             \includegraphics on input line 87.
Package epstopdf Info: Output file is already uptodate.

<image/prefetch/adg-1st-eps-converted-to.pdf, id=678, 515.9275pt x 127.47626pt>
File: image/prefetch/adg-1st-eps-converted-to.pdf Graphic file (type pdf)
<use image/prefetch/adg-1st-eps-converted-to.pdf>
Package pdftex.def Info: image/prefetch/adg-1st-eps-converted-to.pdf used on in
put line 87.
(pdftex.def)             Requested size: 448.1309pt x 110.72838pt.
 [13 <./image/prefetch/block_partition.png>]
Package epstopdf Info: Source file: <image/prefetch/sparse.eps>
(epstopdf)                    date: 2020-01-17 15:42:50
(epstopdf)                    size: 1471874 bytes
(epstopdf)             Output file: <image/prefetch/sparse-eps-converted-to.pdf
>
(epstopdf)                    date: 2020-01-17 23:45:55
(epstopdf)                    size: 43478 bytes
(epstopdf)             Command: <repstopdf --outfile=image/prefetch/sparse-eps-
converted-to.pdf image/prefetch/sparse.eps>
(epstopdf)             \includegraphics on input line 126.
Package epstopdf Info: Output file is already uptodate.

<image/prefetch/sparse-eps-converted-to.pdf, id=685, 401.5pt x 218.8175pt>
File: image/prefetch/sparse-eps-converted-to.pdf Graphic file (type pdf)

<use image/prefetch/sparse-eps-converted-to.pdf>
Package pdftex.def Info: image/prefetch/sparse-eps-converted-to.pdf used on inp
ut line 126.
(pdftex.def)             Requested size: 336.09818pt x 183.1844pt.
 [14 <./image/prefetch/adg-1st-eps-converted-to.pdf>] [15 <./image/prefetch/spa
rse-eps-converted-to.pdf>]
<image/prefetch/highorder_fig1.png, id=714, 991.705pt x 428.60126pt>
File: image/prefetch/highorder_fig1.png Graphic file (type png)

<use image/prefetch/highorder_fig1.png>
Package pdftex.def Info: image/prefetch/highorder_fig1.png used on input line 1
45.
(pdftex.def)             Requested size: 313.69026pt x 135.57254pt.

<image/prefetch/highorder_fig2.png, id=715, 485.815pt x 161.60374pt>
File: image/prefetch/highorder_fig2.png Graphic file (type png)

<use image/prefetch/highorder_fig2.png>
Package pdftex.def Info: image/prefetch/highorder_fig2.png used on input line 1
56.
(pdftex.def)             Requested size: 268.88127pt x 89.44208pt.
 [16 <./image/prefetch/highorder_fig1.png> <./image/prefetch/highorder_fig2.png
>]

LaTeX Warning: Command \textellipsis invalid in math mode on input line 165.

<image/prefetch/highorder_fig3.png, id=722, 855.195pt x 289.08pt>
File: image/prefetch/highorder_fig3.png Graphic file (type png)

<use image/prefetch/highorder_fig3.png>
Package pdftex.def Info: image/prefetch/highorder_fig3.png used on input line 1
69.
(pdftex.def)             Requested size: 448.1309pt x 151.47813pt.
 [17 <./image/prefetch/highorder_fig3.png>] <image/prefetch/highorder_fig4.png,
 id=730, 471.2004pt x 97.0827pt>
File: image/prefetch/highorder_fig4.png Graphic file (type png)

<use image/prefetch/highorder_fig4.png>
Package pdftex.def Info: image/prefetch/highorder_fig4.png used on input line 1
83.
(pdftex.def)             Requested size: 448.1309pt x 92.33171pt.

<image/prefetch/lstm_fig1.png, id=731, 471.26062pt x 407.27156pt>
File: image/prefetch/lstm_fig1.png Graphic file (type png)

<use image/prefetch/lstm_fig1.png>
Package pdftex.def Info: image/prefetch/lstm_fig1.png used on input line 198.
(pdftex.def)             Requested size: 291.28235pt x 251.73515pt.
 [18 <./image/prefetch/highorder_fig4.png>]
<image/prefetch/lstm_fig2.png, id=736, 539.01375pt x 97.86563pt>
File: image/prefetch/lstm_fig2.png Graphic file (type png)

<use image/prefetch/lstm_fig2.png>
Package pdftex.def Info: image/prefetch/lstm_fig2.png used on input line 210.
(pdftex.def)             Requested size: 380.914pt x 69.16101pt.


LaTeX Warning: Command \textellipsis invalid in math mode on input line 217.


LaTeX Warning: Command \textellipsis invalid in math mode on input line 217.

[19 <./image/prefetch/lstm_fig1.png (PNG copy)> <./image/prefetch/lstm_fig2.png
 (PNG copy)>] [20]) [21] (./04_loadBalance.tex [22

] [23] [24]
Package epstopdf Info: Source file: <image/loadbalance/PGAS_workstealing.eps>
(epstopdf)                    date: 2020-01-17 15:42:54
(epstopdf)                    size: 665674 bytes
(epstopdf)             Output file: <image/loadbalance/PGAS_workstealing-eps-co
nverted-to.pdf>
(epstopdf)                    date: 2020-01-17 23:45:59
(epstopdf)                    size: 71910 bytes
(epstopdf)             Command: <repstopdf --outfile=image/loadbalance/PGAS_wor
kstealing-eps-converted-to.pdf image/loadbalance/PGAS_workstealing.eps>
(epstopdf)             \includegraphics on input line 69.
Package epstopdf Info: Output file is already uptodate.

<image/loadbalance/PGAS_workstealing-eps-converted-to.pdf, id=757, 422.57875pt 
x 331.2375pt>
File: image/loadbalance/PGAS_workstealing-eps-converted-to.pdf Graphic file (ty
pe pdf)
 <use image/loadbalance/PGAS_workstealing-eps-converted-to.pdf>
Package pdftex.def Info: image/loadbalance/PGAS_workstealing-eps-converted-to.p
df used on input line 69.
(pdftex.def)             Requested size: 313.69026pt x 245.89026pt.
Package epstopdf Info: Source file: <image/loadbalance/streamline_workstealing.
eps>
(epstopdf)                    date: 2020-01-17 15:42:54
(epstopdf)                    size: 548782 bytes
(epstopdf)             Output file: <image/loadbalance/streamline_workstealing-
eps-converted-to.pdf>
(epstopdf)                    date: 2020-01-17 23:46:02
(epstopdf)                    size: 59527 bytes
(epstopdf)             Command: <repstopdf --outfile=image/loadbalance/streamli
ne_workstealing-eps-converted-to.pdf image/loadbalance/streamline_workstealing.
eps>
(epstopdf)             \includegraphics on input line 82.
Package epstopdf Info: Output file is already uptodate.

<image/loadbalance/streamline_workstealing-eps-converted-to.pdf, id=758, 420.57
124pt x 212.795pt>
File: image/loadbalance/streamline_workstealing-eps-converted-to.pdf Graphic fi
le (type pdf)

<use image/loadbalance/streamline_workstealing-eps-converted-to.pdf>
Package pdftex.def Info: image/loadbalance/streamline_workstealing-eps-converte
d-to.pdf used on input line 82.
(pdftex.def)             Requested size: 313.69026pt x 158.71915pt.
 [25 <./image/loadbalance/PGAS_workstealing-eps-converted-to.pdf>]
Package epstopdf Info: Source file: <image/loadbalance/workrequesting.eps>
(epstopdf)                    date: 2020-01-17 15:42:54
(epstopdf)                    size: 898334 bytes
(epstopdf)             Output file: <image/loadbalance/workrequesting-eps-conve
rted-to.pdf>
(epstopdf)                    date: 2020-01-17 23:46:04
(epstopdf)                    size: 113365 bytes
(epstopdf)             Command: <repstopdf --outfile=image/loadbalance/workrequ
esting-eps-converted-to.pdf image/loadbalance/workrequesting.eps>
(epstopdf)             \includegraphics on input line 95.
Package epstopdf Info: Output file is already uptodate.

<image/loadbalance/workrequesting-eps-converted-to.pdf, id=768, 416.55624pt x 4
74.77374pt>
File: image/loadbalance/workrequesting-eps-converted-to.pdf Graphic file (type 
pdf)
 <use image/loadbalance/workrequesting-eps-converted-to.pdf>
Package pdftex.def Info: image/loadbalance/workrequesting-eps-converted-to.pdf 
used on input line 95.
(pdftex.def)             Requested size: 358.50609pt x 408.6307pt.
Package epstopdf Info: Source file: <image/loadbalance/basic-idea.eps>
(epstopdf)                    date: 2020-01-17 15:42:52
(epstopdf)                    size: 2012482 bytes
(epstopdf)             Output file: <image/loadbalance/basic-idea-eps-converted
-to.pdf>
(epstopdf)                    date: 2020-01-17 23:46:07
(epstopdf)                    size: 115552 bytes
(epstopdf)             Command: <repstopdf --outfile=image/loadbalance/basic-id
ea-eps-converted-to.pdf image/loadbalance/basic-idea.eps>
(epstopdf)             \includegraphics on input line 108.
Package epstopdf Info: Output file is already uptodate.

<image/loadbalance/basic-idea-eps-converted-to.pdf, id=769, 483.8075pt x 261.97
874pt>
File: image/loadbalance/basic-idea-eps-converted-to.pdf Graphic file (type pdf)

 <use image/loadbalance/basic-idea-eps-converted-to.pdf>
Package pdftex.def Info: image/loadbalance/basic-idea-eps-converted-to.pdf used
 on input line 108.
(pdftex.def)             Requested size: 443.65205pt x 240.24387pt.
Package epstopdf Info: Source file: <image/loadbalance/workflow_kdtree.eps>
(epstopdf)                    date: 2020-01-17 15:42:52
(epstopdf)                    size: 3581302 bytes
(epstopdf)             Output file: <image/loadbalance/workflow_kdtree-eps-conv
erted-to.pdf>
(epstopdf)                    date: 2020-01-17 23:46:10
(epstopdf)                    size: 186337 bytes
(epstopdf)             Command: <repstopdf --outfile=image/loadbalance/workflow
_kdtree-eps-converted-to.pdf image/loadbalance/workflow_kdtree.eps>
(epstopdf)             \includegraphics on input line 131.
Package epstopdf Info: Output file is already uptodate.

<image/loadbalance/workflow_kdtree-eps-converted-to.pdf, id=770, 499.8675pt x 1
55.58125pt>
File: image/loadbalance/workflow_kdtree-eps-converted-to.pdf Graphic file (type
 pdf)
 <use image/loadbalance/workflow_kdtree-eps-converted-to.pdf>
Package pdftex.def Info: image/loadbalance/workflow_kdtree-eps-converted-to.pdf
 used on input line 131.
(pdftex.def)             Requested size: 448.1309pt x 139.48293pt.

[26 <./image/loadbalance/streamline_workstealing-eps-converted-to.pdf>]
Overfull \vbox (26.85925pt too high) has occurred while \output is active []


[27 <./image/loadbalance/workrequesting-eps-converted-to.pdf> <./image/loadbala
nce/workflow_kdtree-eps-converted-to.pdf>] [28 <./image/loadbalance/basic-idea-
eps-converted-to.pdf>]
Package epstopdf Info: Source file: <image/loadbalance/ghost.eps>
(epstopdf)                    date: 2020-01-17 15:42:54
(epstopdf)                    size: 1920246 bytes
(epstopdf)             Output file: <image/loadbalance/ghost-eps-converted-to.p
df>
(epstopdf)                    date: 2020-01-17 23:46:13
(epstopdf)                    size: 77721 bytes
(epstopdf)             Command: <repstopdf --outfile=image/loadbalance/ghost-ep
s-converted-to.pdf image/loadbalance/ghost.eps>
(epstopdf)             \includegraphics on input line 167.
Package epstopdf Info: Output file is already uptodate.

<image/loadbalance/ghost-eps-converted-to.pdf, id=850, 552.0625pt x 570.13pt>
File: image/loadbalance/ghost-eps-converted-to.pdf Graphic file (type pdf)

<use image/loadbalance/ghost-eps-converted-to.pdf>
Package pdftex.def Info: image/loadbalance/ghost-eps-converted-to.pdf used on i
nput line 167.
(pdftex.def)             Requested size: 268.88127pt x 277.69585pt.
 [29 <./image/loadbalance/ghost-eps-converted-to.pdf>]

LaTeX Font Warning: Font shape `C70/gbsn/m/it' undefined
(Font)              using `C70/gbsn/m/n' instead on input line 201.

[30] [31]
Package epstopdf Info: Source file: <image/loadbalance/Round-robin.eps>
(epstopdf)                    date: 2020-01-17 15:42:54
(epstopdf)                    size: 1029870 bytes
(epstopdf)             Output file: <image/loadbalance/Round-robin-eps-converte
d-to.pdf>
(epstopdf)                    date: 2020-01-17 23:46:16
(epstopdf)                    size: 236002 bytes
(epstopdf)             Command: <repstopdf --outfile=image/loadbalance/Round-ro
bin-eps-converted-to.pdf image/loadbalance/Round-robin.eps>
(epstopdf)             \includegraphics on input line 254.
Package epstopdf Info: Output file is already uptodate.

<image/loadbalance/Round-robin-eps-converted-to.pdf, id=882, 668.4975pt x 311.1
625pt>
File: image/loadbalance/Round-robin-eps-converted-to.pdf Graphic file (type pdf
)
 <use image/loadbalance/Round-robin-eps-converted-to.pdf>
Package pdftex.def Info: image/loadbalance/Round-robin-eps-converted-to.pdf use
d on input line 254.
(pdftex.def)             Requested size: 448.1309pt x 208.5965pt.
Package epstopdf Info: Source file: <image/loadbalance/static_partition.eps>
(epstopdf)                    date: 2020-01-17 15:42:54
(epstopdf)                    size: 702226 bytes
(epstopdf)             Output file: <image/loadbalance/static_partition-eps-con
verted-to.pdf>
(epstopdf)                    date: 2020-01-17 23:46:19
(epstopdf)                    size: 63268 bytes
(epstopdf)             Command: <repstopdf --outfile=image/loadbalance/static_p
artition-eps-converted-to.pdf image/loadbalance/static_partition.eps>
(epstopdf)             \includegraphics on input line 269.
Package epstopdf Info: Output file is already uptodate.

<image/loadbalance/static_partition-eps-converted-to.pdf, id=883, 401.5pt x 372
.39125pt>
File: image/loadbalance/static_partition-eps-converted-to.pdf Graphic file (typ
e pdf)
 <use image/loadbalance/static_partition-eps-converted-to.pdf>
Package pdftex.def Info: image/loadbalance/static_partition-eps-converted-to.pd
f used on input line 269.
(pdftex.def)             Requested size: 313.69026pt x 290.96404pt.

[32 <./image/loadbalance/Round-robin-eps-converted-to.pdf>]
Package epstopdf Info: Source file: <image/loadbalance/flowdirection.eps>
(epstopdf)                    date: 2020-01-17 15:42:54
(epstopdf)                    size: 876290 bytes
(epstopdf)             Output file: <image/loadbalance/flowdirection-eps-conver
ted-to.pdf>
(epstopdf)                    date: 2020-01-17 23:46:21
(epstopdf)                    size: 150123 bytes
(epstopdf)             Command: <repstopdf --outfile=image/loadbalance/flowdire
ction-eps-converted-to.pdf image/loadbalance/flowdirection.eps>
(epstopdf)             \includegraphics on input line 280.
Package epstopdf Info: Output file is already uptodate.

<image/loadbalance/flowdirection-eps-converted-to.pdf, id=892, 885.3075pt x 233
.87375pt>
File: image/loadbalance/flowdirection-eps-converted-to.pdf Graphic file (type p
df)
 <use image/loadbalance/flowdirection-eps-converted-to.pdf>
Package pdftex.def Info: image/loadbalance/flowdirection-eps-converted-to.pdf u
sed on input line 280.
(pdftex.def)             Requested size: 403.31508pt x 106.54474pt.
Package epstopdf Info: Source file: <image/loadbalance/hierarchical_partition.e
ps>
(epstopdf)                    date: 2020-01-17 15:42:54
(epstopdf)                    size: 1081806 bytes
(epstopdf)             Output file: <image/loadbalance/hierarchical_partition-e
ps-converted-to.pdf>
(epstopdf)                    date: 2020-01-17 23:46:24
(epstopdf)                    size: 105533 bytes
(epstopdf)             Command: <repstopdf --outfile=image/loadbalance/hierarch
ical_partition-eps-converted-to.pdf image/loadbalance/hierarchical_partition.ep
s>
(epstopdf)             \includegraphics on input line 291.
Package epstopdf Info: Output file is already uptodate.

<image/loadbalance/hierarchical_partition-eps-converted-to.pdf, id=893, 862.221
25pt x 320.19624pt>
File: image/loadbalance/hierarchical_partition-eps-converted-to.pdf Graphic fil
e (type pdf)

<use image/loadbalance/hierarchical_partition-eps-converted-to.pdf>
Package pdftex.def Info: image/loadbalance/hierarchical_partition-eps-converted
-to.pdf used on input line 291.
(pdftex.def)             Requested size: 448.1309pt x 166.41505pt.
 [33 <./image/loadbalance/static_partition-eps-converted-to.pdf>] [34 <./image/
loadbalance/flowdirection-eps-converted-to.pdf> <./image/loadbalance/hierarchic
al_partition-eps-converted-to.pdf>]
Package epstopdf Info: Source file: <image/loadbalance/repartition.eps>
(epstopdf)                    date: 2020-01-17 15:42:52
(epstopdf)                    size: 1434410 bytes
(epstopdf)             Output file: <image/loadbalance/repartition-eps-converte
d-to.pdf>
(epstopdf)                    date: 2020-01-17 23:46:27
(epstopdf)                    size: 37767 bytes
(epstopdf)             Command: <repstopdf --outfile=image/loadbalance/repartit
ion-eps-converted-to.pdf image/loadbalance/repartition.eps>
(epstopdf)             \includegraphics on input line 321.
Package epstopdf Info: Output file is already uptodate.

<image/loadbalance/repartition-eps-converted-to.pdf, id=916, 373.395pt x 276.03
125pt>
File: image/loadbalance/repartition-eps-converted-to.pdf Graphic file (type pdf
)
 <use image/loadbalance/repartition-eps-converted-to.pdf>
Package pdftex.def Info: image/loadbalance/repartition-eps-converted-to.pdf use
d on input line 321.
(pdftex.def)             Requested size: 380.914pt x 281.60289pt.
 [35 <./image/loadbalance/repartition-eps-converted-to.pdf>]
Package epstopdf Info: Source file: <image/loadbalance/workflow.eps>
(epstopdf)                    date: 2020-01-17 15:42:52
(epstopdf)                    size: 4230418 bytes
(epstopdf)             Output file: <image/loadbalance/workflow-eps-converted-t
o.pdf>
(epstopdf)                    date: 2020-01-17 23:46:30
(epstopdf)                    size: 309288 bytes
(epstopdf)             Command: <repstopdf --outfile=image/loadbalance/workflow
-eps-converted-to.pdf image/loadbalance/workflow.eps>
(epstopdf)             \includegraphics on input line 363.
Package epstopdf Info: Output file is already uptodate.

<image/loadbalance/workflow-eps-converted-to.pdf, id=937, 585.18625pt x 192.72p
t>
File: image/loadbalance/workflow-eps-converted-to.pdf Graphic file (type pdf)
 <use image/loadbalance/workflow-eps-converted-to.pdf>
Package pdftex.def Info: image/loadbalance/workflow-eps-converted-to.pdf used o
n input line 363.
(pdftex.def)             Requested size: 448.1309pt x 147.5891pt.
 [36 <./image/loadbalance/workflow-eps-converted-to.pdf>]
Package epstopdf Info: Source file: <image/loadbalance/estimate.eps>
(epstopdf)                    date: 2020-01-17 15:42:52
(epstopdf)                    size: 1302174 bytes
(epstopdf)             Output file: <image/loadbalance/estimate-eps-converted-t
o.pdf>
(epstopdf)                    date: 2020-01-17 23:46:33
(epstopdf)                    size: 20134 bytes
(epstopdf)             Command: <repstopdf --outfile=image/loadbalance/estimate
-eps-converted-to.pdf image/loadbalance/estimate.eps>
(epstopdf)             \includegraphics on input line 421.
Package epstopdf Info: Output file is already uptodate.

<image/loadbalance/estimate-eps-converted-to.pdf, id=1014, 588.1975pt x 129.483
75pt>
File: image/loadbalance/estimate-eps-converted-to.pdf Graphic file (type pdf)
 <use image/loadbalance/estimate-eps-converted-to.pdf>
Package pdftex.def Info: image/loadbalance/estimate-eps-converted-to.pdf used o
n input line 421.
(pdftex.def)             Requested size: 448.1309pt x 98.64969pt.
 [37] [38 <./image/loadbalance/estimate-eps-converted-to.pdf>] [39]
Package epstopdf Info: Source file: <image/loadbalance/dstep.eps>
(epstopdf)                    date: 2020-01-17 15:42:54
(epstopdf)                    size: 5528558 bytes
(epstopdf)             Output file: <image/loadbalance/dstep-eps-converted-to.p
df>
(epstopdf)                    date: 2020-01-17 23:46:36
(epstopdf)                    size: 677173 bytes
(epstopdf)             Command: <repstopdf --outfile=image/loadbalance/dstep-ep
s-converted-to.pdf image/loadbalance/dstep.eps>
(epstopdf)             \includegraphics on input line 521.
Package epstopdf Info: Output file is already uptodate.

<image/loadbalance/dstep-eps-converted-to.pdf, id=1038, 578.16pt x 154.5775pt>
File: image/loadbalance/dstep-eps-converted-to.pdf Graphic file (type pdf)

<use image/loadbalance/dstep-eps-converted-to.pdf>
Package pdftex.def Info: image/loadbalance/dstep-eps-converted-to.pdf used on i
nput line 521.
(pdftex.def)             Requested size: 448.1309pt x 119.81282pt.
 [40 <./image/loadbalance/dstep-eps-converted-to.pdf>]) [41] (./05_dataReductio
n.tex [42

] [43] [44] [45]
Package epstopdf Info: Source file: <image/linecompress/workflow.eps>
(epstopdf)                    date: 2020-01-17 15:42:56
(epstopdf)                    size: 2264306 bytes
(epstopdf)             Output file: <image/linecompress/workflow-eps-converted-
to.pdf>
(epstopdf)                    date: 2020-01-17 23:46:39
(epstopdf)                    size: 192421 bytes
(epstopdf)             Command: <repstopdf --outfile=image/linecompress/workflo
w-eps-converted-to.pdf image/linecompress/workflow.eps>
(epstopdf)             \includegraphics on input line 35.
Package epstopdf Info: Output file is already uptodate.

<image/linecompress/workflow-eps-converted-to.pdf, id=1072, 329.23pt x 283.0575
pt>
File: image/linecompress/workflow-eps-converted-to.pdf Graphic file (type pdf)
 <use image/linecompress/workflow-eps-converted-to.pdf>
Package pdftex.def Info: image/linecompress/workflow-eps-converted-to.pdf used 
on input line 35.
(pdftex.def)             Requested size: 313.69026pt x 269.70212pt.
 [46 <./image/linecompress/workflow-eps-converted-to.pdf>]
Package epstopdf Info: Source file: <image/linecompress/recursion.eps>
(epstopdf)                    date: 2020-01-17 15:42:56
(epstopdf)                    size: 561762 bytes
(epstopdf)             Output file: <image/linecompress/recursion-eps-converted
-to.pdf>
(epstopdf)                    date: 2020-01-17 23:46:42
(epstopdf)                    size: 39469 bytes
(epstopdf)             Command: <repstopdf --outfile=image/linecompress/recursi
on-eps-converted-to.pdf image/linecompress/recursion.eps>
(epstopdf)             \includegraphics on input line 57.
Package epstopdf Info: Output file is already uptodate.

<image/linecompress/recursion-eps-converted-to.pdf, id=1115, 324.21124pt x 184.
69pt>
File: image/linecompress/recursion-eps-converted-to.pdf Graphic file (type pdf)

 <use image/linecompress/recursion-eps-converted-to.pdf>
Package pdftex.def Info: image/linecompress/recursion-eps-converted-to.pdf used
 on input line 57.
(pdftex.def)             Requested size: 336.09818pt x 191.47278pt.
 [47 <./image/linecompress/recursion-eps-converted-to.pdf>]) [48] [49

]
Overfull \hbox (15.18224pt too wide) in paragraph at lines 59--59
[]\OT1/cmr/m/n/12 James Di-nan et al. ``Scal-able Work Steal-ing''. In: \OT1/cm
r/m/it/12 SC09: Pro-ceed-ings of the ACM/IEEE
 []

[50]
Overfull \hbox (8.33759pt too wide) in paragraph at lines 59--59
\OT1/cmr/m/n/12 dimensional fluid flows''. In: \OT1/cmr/m/it/12 Phys-ica D: Non
-lin-ear Phe-nom-ena \OT1/cmr/m/n/12 149.4 (2001), pp. 248{
 []

[51]
Overfull \hbox (8.88896pt too wide) in paragraph at lines 59--59
\OT1/cmr/m/n/12 pre-dicted floating-point ge-om-e-try''. In: \OT1/cmr/m/it/12 C
omputer-Aided De-sign \OT1/cmr/m/n/12 37.8 (2005), pp. 869{
 []

[52] [53] [54]
Overfull \hbox (12.36171pt too wide) in paragraph at lines 59--59
[]\OT1/cmr/m/n/12 Shyh-Kuang Ueng, Christo-pher A. Siko-rski, and Kwan-Liu Ma. 
``Out-of-Core Stream-
 []


Overfull \hbox (1.68536pt too wide) in paragraph at lines 59--59
\OT1/cmr/m/it/12 IEEE Trans-ac-tions on Vi-su-al-iza-tion and Com-puter Graph-i
cs \OT1/cmr/m/n/12 12.5 (2006), pp. 1213{
 []

[55] [56] (./main.aux)

LaTeX Font Warning: Some font shapes were not available, defaults substituted.

Package logreq Info: Writing requests to 'main.run.xml'.
\openout1 = `main.run.xml'.

 ) 
Here is how much of TeX's memory you used:
 15601 strings out of 493013
 245995 string characters out of 6140207
 681130 words of memory out of 5000000
 18512 multiletter control sequences out of 15000+600000
 58017 words of font info for 213 fonts, out of 8000000 for 9000
 1141 hyphenation exceptions out of 8191
 44i,18n,45p,2270b,2750s stack positions out of 5000i,500n,10000p,200000b,80000s
<d:/latex/texmf-dist/fonts/type1/public/amsfonts/cm/cmbx12.pfb><d:/latex/texm
f-dist/fonts/type1/public/amsfonts/cm/cmcsc10.pfb><d:/latex/texmf-dist/fonts/ty
pe1/public/amsfonts/cm/cmex10.pfb><d:/latex/texmf-dist/fonts/type1/public/amsfo
nts/cm/cmmi12.pfb><d:/latex/texmf-dist/fonts/type1/public/amsfonts/cm/cmmi6.pfb
><d:/latex/texmf-dist/fonts/type1/public/amsfonts/cm/cmmi8.pfb><d:/latex/texmf-
dist/fonts/type1/public/amsfonts/cm/cmr12.pfb><d:/latex/texmf-dist/fonts/type1/
public/amsfonts/cm/cmr6.pfb><d:/latex/texmf-dist/fonts/type1/public/amsfonts/cm
/cmr8.pfb><d:/latex/texmf-dist/fonts/type1/public/amsfonts/cm/cmsy10.pfb><d:/la
tex/texmf-dist/fonts/type1/public/amsfonts/cm/cmsy8.pfb><d:/latex/texmf-dist/fo
nts/type1/public/amsfonts/cm/cmti12.pfb><d:/latex/texmf-dist/fonts/type1/public
/amsfonts/cm/cmtt12.pfb><d:/latex/texmf-dist/fonts/type1/arphic/gbsnu/gbsnu30.p
fb><d:/latex/texmf-dist/fonts/type1/arphic/gbsnu/gbsnu4e.pfb><d:/latex/texmf-di
st/fonts/type1/arphic/gbsnu/gbsnu4f.pfb><d:/latex/texmf-dist/fonts/type1/arphic
/gbsnu/gbsnu50.pfb><d:/latex/texmf-dist/fonts/type1/arphic/gbsnu/gbsnu51.pfb><d
:/latex/texmf-dist/fonts/type1/arphic/gbsnu/gbsnu52.pfb><d:/latex/texmf-dist/fo
nts/type1/arphic/gbsnu/gbsnu53.pfb><d:/latex/texmf-dist/fonts/type1/arphic/gbsn
u/gbsnu54.pfb><d:/latex/texmf-dist/fonts/type1/arphic/gbsnu/gbsnu55.pfb><d:/lat
ex/texmf-dist/fonts/type1/arphic/gbsnu/gbsnu56.pfb><d:/latex/texmf-dist/fonts/t
ype1/arphic/gbsnu/gbsnu57.pfb><d:/latex/texmf-dist/fonts/type1/arphic/gbsnu/gbs
nu58.pfb><d:/latex/texmf-dist/fonts/type1/arphic/gbsnu/gbsnu59.pfb><d:/latex/te
xmf-dist/fonts/type1/arphic/gbsnu/gbsnu5b.pfb><d:/latex/texmf-dist/fonts/type1/
arphic/gbsnu/gbsnu5c.pfb><d:/latex/texmf-dist/fonts/type1/arphic/gbsnu/gbsnu5d.
pfb><d:/latex/texmf-dist/fonts/type1/arphic/gbsnu/gbsnu5e.pfb><d:/latex/texmf-d
ist/fonts/type1/arphic/gbsnu/gbsnu5f.pfb><d:/latex/texmf-dist/fonts/type1/arphi
c/gbsnu/gbsnu60.pfb><d:/latex/texmf-dist/fonts/type1/arphic/gbsnu/gbsnu61.pfb><
d:/latex/texmf-dist/fonts/type1/arphic/gbsnu/gbsnu62.pfb><d:/latex/texmf-dist/f
onts/type1/arphic/gbsnu/gbsnu63.pfb><d:/latex/texmf-dist/fonts/type1/arphic/gbs
nu/gbsnu64.pfb><d:/latex/texmf-dist/fonts/type1/arphic/gbsnu/gbsnu65.pfb><d:/la
tex/texmf-dist/fonts/type1/arphic/gbsnu/gbsnu66.pfb><d:/latex/texmf-dist/fonts/
type1/arphic/gbsnu/gbsnu67.pfb><d:/latex/texmf-dist/fonts/type1/arphic/gbsnu/gb
snu68.pfb><d:/latex/texmf-dist/fonts/type1/arphic/gbsnu/gbsnu69.pfb><d:/latex/t
exmf-dist/fonts/type1/arphic/gbsnu/gbsnu6a.pfb><d:/latex/texmf-dist/fonts/type1
/arphic/gbsnu/gbsnu6b.pfb><d:/latex/texmf-dist/fonts/type1/arphic/gbsnu/gbsnu6c
.pfb><d:/latex/texmf-dist/fonts/type1/arphic/gbsnu/gbsnu6d.pfb><d:/latex/texmf-
dist/fonts/type1/arphic/gbsnu/gbsnu6e.pfb><d:/latex/texmf-dist/fonts/type1/arph
ic/gbsnu/gbsnu6f.pfb><d:/latex/texmf-dist/fonts/type1/arphic/gbsnu/gbsnu70.pfb>
<d:/latex/texmf-dist/fonts/type1/arphic/gbsnu/gbsnu71.pfb><d:/latex/texmf-dist/
fonts/type1/arphic/gbsnu/gbsnu72.pfb><d:/latex/texmf-dist/fonts/type1/arphic/gb
snu/gbsnu73.pfb><d:/latex/texmf-dist/fonts/type1/arphic/gbsnu/gbsnu74.pfb><d:/l
atex/texmf-dist/fonts/type1/arphic/gbsnu/gbsnu75.pfb><d:/latex/texmf-dist/fonts
/type1/arphic/gbsnu/gbsnu76.pfb><d:/latex/texmf-dist/fonts/type1/arphic/gbsnu/g
bsnu77.pfb><d:/latex/texmf-dist/fonts/type1/arphic/gbsnu/gbsnu78.pfb><d:/latex/
texmf-dist/fonts/type1/arphic/gbsnu/gbsnu79.pfb><d:/latex/texmf-dist/fonts/type
1/arphic/gbsnu/gbsnu7a.pfb><d:/latex/texmf-dist/fonts/type1/arphic/gbsnu/gbsnu7
b.pfb><d:/latex/texmf-dist/fonts/type1/arphic/gbsnu/gbsnu7c.pfb><d:/latex/texmf
-dist/fonts/type1/arphic/gbsnu/gbsnu7d.pfb><d:/latex/texmf-dist/fonts/type1/arp
hic/gbsnu/gbsnu7e.pfb><d:/latex/texmf-dist/fonts/type1/arphic/gbsnu/gbsnu7f.pfb
><d:/latex/texmf-dist/fonts/type1/arphic/gbsnu/gbsnu80.pfb><d:/latex/texmf-dist
/fonts/type1/arphic/gbsnu/gbsnu81.pfb><d:/latex/texmf-dist/fonts/type1/arphic/g
bsnu/gbsnu82.pfb><d:/latex/texmf-dist/fonts/type1/arphic/gbsnu/gbsnu83.pfb><d:/
latex/texmf-dist/fonts/type1/arphic/gbsnu/gbsnu84.pfb><d:/latex/texmf-dist/font
s/type1/arphic/gbsnu/gbsnu85.pfb><d:/latex/texmf-dist/fonts/type1/arphic/gbsnu/
gbsnu86.pfb><d:/latex/texmf-dist/fonts/type1/arphic/gbsnu/gbsnu88.pfb><d:/latex
/texmf-dist/fonts/type1/arphic/gbsnu/gbsnu89.pfb><d:/latex/texmf-dist/fonts/typ
e1/arphic/gbsnu/gbsnu8a.pfb><d:/latex/texmf-dist/fonts/type1/arphic/gbsnu/gbsnu
8b.pfb><d:/latex/texmf-dist/fonts/type1/arphic/gbsnu/gbsnu8c.pfb><d:/latex/texm
f-dist/fonts/type1/arphic/gbsnu/gbsnu8d.pfb><d:/latex/texmf-dist/fonts/type1/ar
phic/gbsnu/gbsnu8e.pfb><d:/latex/texmf-dist/fonts/type1/arphic/gbsnu/gbsnu8f.pf
b><d:/latex/texmf-dist/fonts/type1/arphic/gbsnu/gbsnu90.pfb><d:/latex/texmf-dis
t/fonts/type1/arphic/gbsnu/gbsnu91.pfb><d:/latex/texmf-dist/fonts/type1/arphic/
gbsnu/gbsnu92.pfb><d:/latex/texmf-dist/fonts/type1/arphic/gbsnu/gbsnu94.pfb><d:
/latex/texmf-dist/fonts/type1/arphic/gbsnu/gbsnu95.pfb><d:/latex/texmf-dist/fon
ts/type1/arphic/gbsnu/gbsnu96.pfb><d:/latex/texmf-dist/fonts/type1/arphic/gbsnu
/gbsnu97.pfb><d:/latex/texmf-dist/fonts/type1/arphic/gbsnu/gbsnu98.pfb><d:/late
x/texmf-dist/fonts/type1/arphic/gbsnu/gbsnu99.pfb><d:/latex/texmf-dist/fonts/ty
pe1/arphic/gbsnu/gbsnu9a.pfb><d:/latex/texmf-dist/fonts/type1/arphic/gbsnu/gbsn
u9e.pfb><d:/latex/texmf-dist/fonts/type1/arphic/gbsnu/gbsnu9f.pfb><d:/latex/tex
mf-dist/fonts/type1/arphic/gbsnu/gbsnuff.pfb><d:/latex/texmf-dist/fonts/type1/p
ublic/amsfonts/symbols/msam10.pfb>
Output written on main.pdf (56 pages, 10099975 bytes).
PDF statistics:
 1450 PDF objects out of 1728 (max. 8388607)
 784 compressed objects within 8 object streams
 0 named destinations out of 1000 (max. 500000)
 477 words of extra memory for PDF output out of 10000 (max. 10000000)

